0 info it worked if it ends with ok
1 verbose cli [ '/home/dshvedchenko/.nvm/v5.11.1/bin/node',
1 verbose cli   '/home/dshvedchenko/.nvm/v5.11.1/bin/npm',
1 verbose cli   'test' ]
2 info using npm@3.10.2
3 info using node@v5.11.1
4 verbose stack Error: Failed to parse json
4 verbose stack Trailing comma in object at 8:3
4 verbose stack   },
4 verbose stack   ^
4 verbose stack     at parseError (/home/dshvedchenko/.nvm/v5.11.1/lib/node_modules/npm/node_modules/read-package-json/read-json.js:390:11)
4 verbose stack     at parseJson (/home/dshvedchenko/.nvm/v5.11.1/lib/node_modules/npm/node_modules/read-package-json/read-json.js:79:23)
4 verbose stack     at /home/dshvedchenko/.nvm/v5.11.1/lib/node_modules/npm/node_modules/read-package-json/read-json.js:48:5
4 verbose stack     at /home/dshvedchenko/.nvm/v5.11.1/lib/node_modules/npm/node_modules/graceful-fs/graceful-fs.js:78:16
4 verbose stack     at tryToString (fs.js:414:3)
4 verbose stack     at FSReqWrap.readFileAfterClose [as oncomplete] (fs.js:401:12)
5 verbose cwd /home/dshvedchenko/IdeaProjects/webacs/client
6 error Linux 3.13.0-91-generic
7 error argv "/home/dshvedchenko/.nvm/v5.11.1/bin/node" "/home/dshvedchenko/.nvm/v5.11.1/bin/npm" "test"
8 error node v5.11.1
9 error npm  v3.10.2
10 error file /home/dshvedchenko/IdeaProjects/webacs/client/package.json
11 error code EJSONPARSE
12 error Failed to parse json
12 error Trailing comma in object at 8:3
12 error   },
12 error   ^
13 error File: /home/dshvedchenko/IdeaProjects/webacs/client/package.json
14 error Failed to parse package.json data.
14 error package.json must be actual JSON, not just JavaScript.
14 error
14 error This is not a bug in npm.
14 error Tell the package author to fix their package.json file. JSON.parse
15 verbose exit [ 1, true ]
